<?xml version="1.0" encoding="UTF-8"?>
<testng-results ignored="0" total="1" passed="1" failed="0" skipped="0">
  <reporter-output>
  </reporter-output>
  <suite started-at="2021-01-16T10:26:39 IST" name="Default suite" finished-at="2021-01-16T10:27:18 IST" duration-ms="39545">
    <groups>
    </groups>
    <test started-at="2021-01-16T10:26:39 IST" name="Default test" finished-at="2021-01-16T10:27:18 IST" duration-ms="39545">
      <class name="newPackage.TestClass">
        <test-method is-config="true" signature="Setup()[pri:0, instance:newPackage.TestClass@1a04f701]" started-at="2021-01-16T10:26:34 IST" name="Setup" finished-at="2021-01-16T10:26:39 IST" duration-ms="4597" status="PASS">
          <reporter-output>
          </reporter-output>
        </test-method> <!-- Setup -->
        <test-method signature="eggtimer()[pri:0, instance:newPackage.TestClass@1a04f701]" started-at="2021-01-16T10:26:39 IST" name="eggtimer" finished-at="2021-01-16T10:27:15 IST" duration-ms="36432" status="PASS">
          <reporter-output>
          </reporter-output>
        </test-method> <!-- eggtimer -->
        <test-method is-config="true" signature="close()[pri:0, instance:newPackage.TestClass@1a04f701]" started-at="2021-01-16T10:27:15 IST" name="close" finished-at="2021-01-16T10:27:18 IST" duration-ms="3096" status="PASS">
          <reporter-output>
          </reporter-output>
        </test-method> <!-- close -->
      </class> <!-- newPackage.TestClass -->
    </test> <!-- Default test -->
  </suite> <!-- Default suite -->
</testng-results>
